<?xml version="1.0" encoding="UTF-8"?>
<testsuite name="TestSuite" time="20.547" tests="5" errors="0" skipped="1" failures="1">
  <properties>
[...]
</properties>
  <testcase name="bankManagerLoginTest" classname="com.w2a.testcases.BankManagerLoginTest" time="4.502"/>
  <testcase name="addCustomerTest" classname="com.w2a.testcases.AddCustomerTest" time="4.805"/>
  <testcase name="addCustomerTest" classname="com.w2a.testcases.AddCustomerTest" time="4.322"/>
  <testcase name="addCustomerTest" classname="com.w2a.testcases.AddCustomerTest" time="0">
    <skipped/>
  </testcase>
  <testcase name="openAccountTest" classname="com.w2a.testcases.OpenAccountTest" time="11.24">
    <failure message="Cannot locate element with text: Rupee &#10;For documentation on this error, please visit: https://www.seleniumhq.org/exceptions/no_such_element.html&#10;Build info: version: &apos;3.141.59&apos;, revision: &apos;e82be7d358&apos;, time: &apos;2018-11-14T08:17:03&apos;&#10;System info: host: &apos;LAPTOP-3A8G0H8E&apos;, ip: &apos;192.168.2.14&apos;, os.name: &apos;Windows 10&apos;, os.arch: &apos;amd64&apos;, os.version: &apos;10.0&apos;, java.version: &apos;1.8.0_191&apos;&#10;Driver info: driver.version: unknown" type="org.openqa.selenium.NoSuchElementException">org.openqa.selenium.NoSuchElementException: Cannot locate element with text: Rupee 
For documentation on this error, please visit: https://www.seleniumhq.org/exceptions/no_such_element.html
Build info: version: '3.141.59', revision: 'e82be7d358', time: '2018-11-14T08:17:03'
System info: host: 'LAPTOP-3A8G0H8E', ip: '192.168.2.14', os.name: 'Windows 10', os.arch: 'amd64', os.version: '10.0', java.version: '1.8.0_191'
Driver info: driver.version: unknown
	at org.openqa.selenium.support.ui.Select.selectByVisibleText(Select.java:147)
	at com.w2a.base.TestBase.select(TestBase.java:171)
	at com.w2a.testcases.OpenAccountTest.openAccountTest(OpenAccountTest.java:28)
</failure>
  </testcase>
</testsuite>